2025-04-22 12:35:06,014 - __main__ - INFO - Iniciando Pokemon Team GUI
2025-04-22 12:41:07,059 - __main__ - INFO - Iniciando Pokemon Team GUI
2025-04-22 12:42:37,259 - gui - INFO - Equipo guardado
2025-04-22 12:42:39,297 - gui - INFO - Equipo guardado
2025-04-22 12:42:40,059 - gui - INFO - Equipo guardado
2025-04-22 12:43:09,085 - gui - INFO - Equipo guardado
2025-04-22 12:43:19,429 - __main__ - INFO - Iniciando Pokemon Team GUI
2025-04-22 12:43:23,008 - gui - INFO - Equipo cargado
2025-04-22 12:43:36,931 - __main__ - INFO - Iniciando Pokemon Team GUI
2025-04-22 12:43:40,976 - gui - INFO - Equipo cargado
2025-04-22 12:45:07,234 - __main__ - INFO - Iniciando Pokemon Team GUI
2025-04-22 12:45:14,317 - gui - INFO - Equipo cargado
2025-04-22 12:54:04,610 - __main__ - INFO - Iniciando Pokemon Team GUI
2025-04-22 12:54:08,049 - gui - INFO - Equipo cargado
2025-04-22 12:55:17,802 - gui - WARNING - El equipo está lleno
2025-04-22 12:55:19,274 - gui - WARNING - El equipo está lleno
2025-04-22 12:55:32,199 - gui - WARNING - El equipo está lleno
2025-04-22 12:55:36,909 - gui - INFO - Equipo cargado
2025-04-22 13:01:44,313 - __main__ - INFO - Iniciando Pokemon Team GUI
2025-04-22 13:01:48,950 - gui - INFO - Equipo cargado
2025-04-22 13:01:53,077 - __main__ - INFO - Iniciando Pokemon Team GUI
2025-04-22 13:01:56,517 - gui - INFO - Equipo cargado
2025-04-22 13:02:01,557 - __main__ - INFO - Iniciando Pokemon Team GUI
2025-04-22 13:02:04,734 - gui - INFO - Equipo cargado
2025-04-22 13:02:06,634 - gui - INFO - Equipo cargado
2025-04-22 13:02:12,305 - gui - WARNING - El equipo está lleno
2025-04-22 13:03:59,563 - __main__ - INFO - Iniciando Pokemon Team GUI
2025-04-22 13:04:02,631 - gui - INFO - Equipo cargado
2025-04-22 13:04:07,108 - __main__ - INFO - Iniciando Pokemon Team GUI
2025-04-22 13:04:10,938 - gui - INFO - Equipo cargado
2025-04-22 13:04:34,053 - __main__ - INFO - Iniciando Pokemon Team GUI
2025-04-22 13:04:39,514 - gui - INFO - Equipo guardado
2025-04-22 13:04:40,571 - gui - INFO - Equipo cargado
2025-04-22 13:04:41,064 - gui - INFO - Equipo cargado
2025-04-22 13:04:41,238 - gui - INFO - Equipo cargado
2025-04-22 13:04:41,463 - gui - INFO - Equipo cargado
2025-04-22 13:04:41,637 - gui - INFO - Equipo cargado
2025-04-22 13:04:41,811 - gui - INFO - Equipo cargado
2025-04-22 13:04:42,036 - gui - INFO - Equipo cargado
2025-04-22 13:04:42,217 - gui - INFO - Equipo cargado
2025-04-22 13:04:42,393 - gui - INFO - Equipo cargado
2025-04-22 13:04:52,144 - gui - INFO - Equipo cargado
2025-04-22 13:05:51,986 - __main__ - INFO - Iniciando Pokemon Team GUI
2025-04-22 13:05:55,237 - gui - INFO - Equipo cargado
2025-04-22 13:05:58,544 - gui - INFO - Equipo cargado
2025-04-22 13:12:16,871 - __main__ - INFO - Iniciando Pokemon Team GUI
2025-04-22 13:12:20,800 - gui - INFO - Equipo cargado
2025-04-22 13:12:27,010 - __main__ - INFO - Iniciando Pokemon Team GUI
2025-04-22 13:12:30,126 - gui - INFO - Equipo cargado
2025-04-22 13:12:56,106 - __main__ - INFO - Iniciando Pokemon Team GUI
2025-04-22 13:12:59,055 - gui - INFO - Equipo cargado
2025-04-22 13:13:59,041 - __main__ - INFO - Iniciando Pokemon Team GUI
2025-04-22 13:14:55,208 - __main__ - INFO - Iniciando Pokemon Team GUI
2025-04-22 13:14:58,757 - gui - INFO - Equipo cargado
2025-04-22 13:15:09,535 - __main__ - INFO - Iniciando Pokemon Team GUI
2025-04-22 13:15:13,727 - gui - INFO - Equipo cargado
2025-04-22 13:15:44,518 - gui - INFO - Pokemon Bulbasaur actualizado
2025-04-22 13:15:51,043 - __main__ - INFO - Iniciando Pokemon Team GUI
2025-04-22 13:16:09,834 - gui - INFO - Pokemon Bulbasaur actualizado
2025-04-22 13:18:38,083 - __main__ - INFO - Iniciando Pokemon Team GUI
2025-04-22 13:18:42,409 - gui - INFO - Equipo cargado
2025-04-22 13:18:46,246 - gui - INFO - Pokemon Medicham actualizado
2025-04-22 13:18:56,151 - gui - INFO - Pokemon Bulbasaur eliminado del equipo
2025-04-22 13:25:59,087 - __main__ - INFO - Iniciando Pokemon Team GUI
2025-04-22 13:26:03,071 - gui - INFO - Equipo cargado
2025-04-22 13:26:04,788 - gui - INFO - Pokemon Medicham movido a posición 4
2025-04-22 13:26:06,101 - gui - INFO - Pokemon Medicham movido a posición 5
2025-04-22 13:26:07,268 - gui - INFO - Pokemon Audino movido a posición 5
2025-04-22 13:26:08,117 - gui - INFO - Pokemon Audino movido a posición 4
2025-04-22 13:26:33,298 - __main__ - INFO - Iniciando Pokemon Team GUI
2025-04-22 13:26:37,409 - gui - INFO - Equipo cargado
2025-04-22 13:28:59,215 - __main__ - INFO - Iniciando Pokemon Team GUI
2025-04-22 13:29:09,671 - __main__ - INFO - Iniciando Pokemon Team GUI
2025-04-22 13:29:13,709 - gui - INFO - Equipo cargado
2025-04-22 13:29:22,589 - gui - INFO - Pokemon Medicham movido a posición 1
2025-04-22 13:31:41,916 - gui - INFO - Equipo cargado
2025-04-22 13:32:31,873 - __main__ - INFO - Iniciando Pokemon Team GUI
2025-04-22 13:32:35,128 - gui - INFO - Equipo cargado
2025-04-22 13:32:36,267 - gui - INFO - Pokemon Medicham movido a posición 4
2025-04-22 13:32:38,059 - gui - INFO - Pokemon Audino movido a posición 3
2025-04-22 13:32:39,401 - gui - INFO - Pokemon Medicham movido a posición 2
2025-04-22 13:32:41,200 - gui - INFO - Pokemon Audino movido a posición 1
2025-04-22 13:33:03,755 - __main__ - INFO - Iniciando Pokemon Team GUI
2025-04-22 13:33:06,493 - gui - INFO - Equipo cargado
2025-04-22 13:33:07,409 - gui - INFO - Pokemon Medicham movido a posición 4
2025-04-22 13:33:08,329 - gui - INFO - Pokemon Audino movido a posición 4
